TN:
SF:classes\Letter.js
FN:3,Letter
FN:9,checkGuess
FNF:2
FNH:2
FNDA:36,Letter
FNDA:44,checkGuess
DA:1,1
DA:2,1
DA:3,1
DA:4,36
DA:5,36
DA:6,36
DA:7,36
DA:8,1
DA:9,1
DA:10,44
DA:11,11
DA:12,11
DA:13,44
DA:14,15
DA:15,15
DA:16,15
DA:17,15
DA:18,18
DA:19,18
DA:20,1
DA:21,1
DA:22,1
DA:23,1
LF:23
LH:23
BRDA:3,0,0,36
BRDA:9,1,0,44
BRDA:10,2,0,11
BRDA:13,3,0,33
BRDA:13,4,0,15
BRDA:18,5,0,18
BRF:6
BRH:6
end_of_record
TN:
SF:classes\Word.js
FN:4,Word
FN:12,checkGuess
FN:58,display
FNF:3
FNH:3
FNDA:8,Word
FNDA:11,checkGuess
FNDA:2,display
DA:1,1
DA:2,1
DA:3,1
DA:4,1
DA:5,8
DA:6,8
DA:7,8
DA:8,8
DA:9,8
DA:10,8
DA:11,1
DA:12,1
DA:13,11
DA:14,1
DA:15,1
DA:16,1
DA:17,1
DA:18,1
DA:19,1
DA:20,1
DA:21,1
DA:22,10
DA:23,10
DA:24,10
DA:25,10
DA:26,11
DA:27,9
DA:28,9
DA:29,9
DA:30,9
DA:31,9
DA:32,2
DA:33,2
DA:34,2
DA:35,2
DA:36,2
DA:37,2
DA:38,2
DA:39,2
DA:40,2
DA:41,7
DA:42,7
DA:43,7
DA:44,7
DA:45,7
DA:46,7
DA:47,7
DA:48,11
DA:49,1
DA:50,1
DA:51,1
DA:52,1
DA:53,1
DA:54,1
DA:55,1
DA:56,11
DA:57,1
DA:58,1
DA:59,2
DA:60,2
DA:61,2
DA:62,2
DA:63,1
DA:64,1
DA:65,1
DA:66,1
DA:67,1
LF:67
LH:67
BRDA:4,0,0,8
BRDA:8,1,0,32
BRDA:12,2,0,11
BRDA:13,3,0,1
BRDA:22,4,0,10
BRDA:26,5,0,9
BRDA:31,6,0,2
BRDA:41,7,0,7
BRDA:48,8,0,1
BRDA:24,9,0,40
BRDA:29,10,0,36
BRDA:58,11,0,2
BRDA:60,12,0,8
BRF:13
BRH:13
end_of_record
