TN:
SF:classes\Game.js
FN:5,Game
FN:24,configure
FN:47,setup
FN:56,getGameData
FN:60,getRoundData
FN:69,getRandomWord
FN:74,getDisplay
FN:78,processPlayerGuess
FN:118,addIncorrectGuess
FN:123,<static_fields_initializer>
FN:137,validateGuess
FNF:11
FNH:3
FNDA:2,Game
FNDA:2,configure
FNDA:0,setup
FNDA:0,getGameData
FNDA:0,getRoundData
FNDA:0,getRandomWord
FNDA:0,getDisplay
FNDA:0,processPlayerGuess
FNDA:0,addIncorrectGuess
FNDA:1,<static_fields_initializer>
FNDA:0,validateGuess
DA:1,1
DA:2,1
DA:3,1
DA:4,1
DA:5,1
DA:6,2
DA:7,2
DA:8,2
DA:9,2
DA:10,2
DA:11,2
DA:12,2
DA:13,2
DA:14,2
DA:15,2
DA:16,2
DA:17,2
DA:18,2
DA:19,2
DA:20,2
DA:21,2
DA:22,2
DA:23,1
DA:24,1
DA:25,2
DA:26,1
DA:27,1
DA:28,1
DA:29,1
DA:30,0
DA:31,0
DA:32,0
DA:33,1
DA:34,1
DA:35,1
DA:36,1
DA:37,1
DA:38,0
DA:39,0
DA:40,0
DA:41,1
DA:42,1
DA:43,1
DA:44,1
DA:45,2
DA:46,1
DA:47,1
DA:48,0
DA:49,0
DA:50,0
DA:51,0
DA:52,0
DA:53,0
DA:54,0
DA:55,1
DA:56,1
DA:57,0
DA:58,0
DA:59,1
DA:60,1
DA:61,0
DA:62,0
DA:63,0
DA:64,0
DA:65,0
DA:66,0
DA:67,0
DA:68,1
DA:69,1
DA:70,0
DA:71,0
DA:72,0
DA:73,1
DA:74,1
DA:75,0
DA:76,0
DA:77,1
DA:78,1
DA:79,0
DA:80,0
DA:81,0
DA:82,0
DA:83,0
DA:84,0
DA:85,0
DA:86,0
DA:87,0
DA:88,0
DA:89,1
DA:90,1
DA:91,1
DA:92,1
DA:93,1
DA:94,1
DA:95,1
DA:96,1
DA:97,1
DA:98,1
DA:99,1
DA:100,1
DA:101,1
DA:102,1
DA:103,1
DA:104,1
DA:105,1
DA:106,1
DA:107,1
DA:108,1
DA:109,1
DA:110,1
DA:111,1
DA:112,1
DA:113,1
DA:114,1
DA:115,1
DA:116,1
DA:117,1
DA:118,1
DA:119,0
DA:120,0
DA:121,1
DA:122,1
DA:123,1
DA:124,1
DA:125,1
DA:126,1
DA:127,1
DA:128,1
DA:129,1
DA:130,1
DA:131,1
DA:132,1
DA:133,1
DA:134,1
DA:135,1
DA:136,1
DA:137,1
DA:138,0
DA:139,0
DA:140,0
DA:141,0
DA:142,0
DA:143,0
DA:144,0
DA:145,0
DA:146,0
DA:147,0
DA:148,0
DA:149,0
DA:150,0
DA:151,1
DA:152,1
DA:153,1
LF:153
LH:101
BRDA:5,0,0,2
BRDA:24,1,0,2
BRDA:25,2,0,1
BRDA:29,3,0,0
BRDA:37,4,0,0
BRDA:123,5,0,1
BRF:6
BRH:4
end_of_record
TN:
SF:classes\Letter.js
FN:3,Letter
FN:9,checkGuess
FNF:2
FNH:2
FNDA:36,Letter
FNDA:44,checkGuess
DA:1,1
DA:2,1
DA:3,1
DA:4,36
DA:5,36
DA:6,36
DA:7,36
DA:8,1
DA:9,1
DA:10,44
DA:11,11
DA:12,11
DA:13,44
DA:14,15
DA:15,15
DA:16,15
DA:17,15
DA:18,18
DA:19,18
DA:20,1
DA:21,1
DA:22,1
DA:23,1
LF:23
LH:23
BRDA:3,0,0,36
BRDA:9,1,0,44
BRDA:10,2,0,11
BRDA:13,3,0,33
BRDA:13,4,0,15
BRDA:18,5,0,18
BRF:6
BRH:6
end_of_record
TN:
SF:classes\Word.js
FN:4,Word
FN:12,checkGuess
FN:58,display
FNF:3
FNH:3
FNDA:8,Word
FNDA:11,checkGuess
FNDA:2,display
DA:1,1
DA:2,1
DA:3,1
DA:4,1
DA:5,8
DA:6,8
DA:7,8
DA:8,8
DA:9,8
DA:10,8
DA:11,1
DA:12,1
DA:13,11
DA:14,1
DA:15,1
DA:16,1
DA:17,1
DA:18,1
DA:19,1
DA:20,1
DA:21,1
DA:22,10
DA:23,10
DA:24,10
DA:25,10
DA:26,11
DA:27,9
DA:28,9
DA:29,9
DA:30,9
DA:31,9
DA:32,2
DA:33,2
DA:34,2
DA:35,2
DA:36,2
DA:37,2
DA:38,2
DA:39,2
DA:40,2
DA:41,7
DA:42,7
DA:43,7
DA:44,7
DA:45,7
DA:46,7
DA:47,7
DA:48,11
DA:49,1
DA:50,1
DA:51,1
DA:52,1
DA:53,1
DA:54,1
DA:55,1
DA:56,11
DA:57,1
DA:58,1
DA:59,2
DA:60,2
DA:61,2
DA:62,2
DA:63,1
DA:64,1
DA:65,1
DA:66,1
LF:66
LH:66
BRDA:4,0,0,8
BRDA:8,1,0,32
BRDA:12,2,0,11
BRDA:13,3,0,1
BRDA:22,4,0,10
BRDA:26,5,0,9
BRDA:31,6,0,2
BRDA:41,7,0,7
BRDA:48,8,0,1
BRDA:24,9,0,40
BRDA:29,10,0,36
BRDA:58,11,0,2
BRDA:60,12,0,8
BRF:13
BRH:13
end_of_record
